2021-02-07 20:00:54  [ main:315 ] - [ ERROR ]  存在重复用户名，注册失败
2021-02-07 20:08:42  [ main:430 ] - [ ERROR ]  存在重复用户名，注册失败
2021-02-07 20:21:44  [ main:346 ] - [ ERROR ]  存在重复用户名，注册失败
2021-02-07 20:22:32  [ main:346 ] - [ ERROR ]  存在重复用户名，注册失败
2021-02-07 20:23:44  [ main:671 ] - [ ERROR ]  存在重复用户名，注册失败
2021-02-07 20:57:16  [ AWT-EventQueue-0:303 ] - [ ERROR ]  登陆失败
2021-02-07 20:57:41  [ AWT-EventQueue-0:25392 ] - [ ERROR ]  登陆失败
2021-02-07 20:58:24  [ AWT-EventQueue-0:295 ] - [ ERROR ]  登陆失败
2021-02-07 20:58:36  [ AWT-EventQueue-0:12788 ] - [ ERROR ]  登陆失败
2021-02-07 21:00:46  [ AWT-EventQueue-0:142077 ] - [ ERROR ]  登陆失败
2021-02-07 21:03:08  [ AWT-EventQueue-0:282 ] - [ ERROR ]  登陆失败
2021-02-07 21:05:06  [ AWT-EventQueue-0:289 ] - [ ERROR ]  登陆失败
2021-02-07 21:05:41  [ AWT-EventQueue-0:282 ] - [ ERROR ]  登陆失败
2021-02-07 21:07:53  [ AWT-EventQueue-0:282 ] - [ ERROR ]  登陆失败
2021-02-07 21:12:43  [ AWT-EventQueue-0:298 ] - [ ERROR ]  登陆失败
2021-02-08 10:05:03  [ AWT-EventQueue-0:33577 ] - [ ERROR ]  登陆失败
2021-02-08 10:11:13  [ AWT-EventQueue-0:311 ] - [ ERROR ]  登陆失败
2021-02-08 10:17:43  [ AWT-EventQueue-0:315 ] - [ ERROR ]  登陆失败
2021-02-08 10:20:24  [ AWT-EventQueue-0:318 ] - [ ERROR ]  账户或密码为空
2021-02-08 10:20:54  [ AWT-EventQueue-0:30595 ] - [ ERROR ]  账户或密码为空
2021-02-08 10:21:56  [ AWT-EventQueue-0:0 ] - [ ERROR ]  账户或密码为空
2021-02-08 10:21:58  [ AWT-EventQueue-0:1667 ] - [ ERROR ]  账户或密码为空
2021-02-08 10:23:01  [ AWT-EventQueue-0:65188 ] - [ ERROR ]  登陆失败
2021-02-08 10:23:05  [ AWT-EventQueue-0:68676 ] - [ ERROR ]  登陆失败
2021-02-08 10:40:58  [ AWT-EventQueue-0:322 ] - [ ERROR ]  登陆失败
2021-02-08 10:41:05  [ AWT-EventQueue-0:6655 ] - [ ERROR ]  存在重复用户名，注册失败
2021-02-08 10:42:06  [ AWT-EventQueue-0:0 ] - [ ERROR ]  账户或密码为空
2021-02-08 11:17:39  [ AWT-EventQueue-0:308 ] - [ ERROR ]  登陆失败
2021-02-08 11:17:53  [ AWT-EventQueue-0:14553 ] - [ ERROR ]  账户或密码为空
2021-02-08 11:17:54  [ AWT-EventQueue-0:16150 ] - [ ERROR ]  账户或密码为空
2021-02-08 11:18:01  [ AWT-EventQueue-0:22588 ] - [ ERROR ]  密码确认错误
2021-02-08 11:18:13  [ AWT-EventQueue-0:34532 ] - [ ERROR ]  存在重复用户名，注册失败
2021-02-08 11:21:53  [ AWT-EventQueue-0:255135 ] - [ ERROR ]  存在重复用户名，注册失败
2021-02-08 11:22:31  [ AWT-EventQueue-0:292216 ] - [ ERROR ]  密码确认错误
2021-02-08 11:23:28  [ AWT-EventQueue-0:350007 ] - [ ERROR ]  存在重复用户名，注册失败
2021-02-08 11:45:03  [ AWT-EventQueue-0:0 ] - [ ERROR ]  账户或密码为空
2021-02-08 11:45:15  [ AWT-EventQueue-0:11511 ] - [ ERROR ]  密码确认错误
2021-02-08 11:45:28  [ AWT-EventQueue-0:25094 ] - [ ERROR ]  密码确认错误
2021-02-08 11:48:22  [ AWT-EventQueue-0:0 ] - [ ERROR ]  密码确认错误
2021-02-08 11:53:38  [ AWT-EventQueue-0:0 ] - [ ERROR ]  密码确认错误
2021-02-08 11:53:43  [ AWT-EventQueue-0:4979 ] - [ ERROR ]  系统已存在同名账户
2021-02-08 12:24:35  [ AWT-EventQueue-0:0 ] - [ ERROR ]  账户或密码为空
2021-02-08 13:16:31  [ AWT-EventQueue-0:333 ] - [ ERROR ]  登陆失败
2021-02-08 13:16:42  [ AWT-EventQueue-0:11666 ] - [ ERROR ]  密码确认错误
2021-02-08 13:16:47  [ AWT-EventQueue-0:16225 ] - [ ERROR ]  用户名重复
2021-02-08 13:19:15  [ AWT-EventQueue-0:311 ] - [ ERROR ]  用户名重复
2021-02-08 13:33:36  [ AWT-EventQueue-0:412 ] - [ ERROR ]  存在SQL错误
2021-02-08 13:54:01  [ AWT-EventQueue-0:303 ] - [ ERROR ]  登陆失败
2021-02-08 14:06:06  [ AWT-EventQueue-0:0 ] - [ ERROR ]  账户或密码为空
2021-02-08 14:06:08  [ AWT-EventQueue-0:2259 ] - [ ERROR ]  账户或密码为空
